Aimee	8
Aimee	18
Aimee	12
Aimee	20
Aimee	14
Aimee	2
Aimee	8
Aimee	20
Aimee	20
Aimee	10
Aimee	16
Aimee	14
Aimee	12
Aimee	18
Aimee	18
Aimee	8
Aimee	12
Aimee	12
Aimee	6
Aimee	20
Aimee	20
Aimee	14
Aimee	16
Aimee	2
Aimee	10
Aimee	2
Aimee	12
Aimee	12
Aimee	20
Aimee	20
Aimee	12
Aimee	18
Aimee	2
Aimee	8
Aimee	18
Aimee	16
Aimee	16
Aimee	2
Aimee	20
Aimee	6
Aimee	10
Aimee	6
Aimee	18
Aimee	2
Aimee	18
Aimee	18
Aimee	4
Aimee	8
April	15
April	19
April	1
April	3
April	15
April	13
April	11
April	7
April	1
April	15
April	15
April	5
April	13
April	15
April	9
April	3
April	9
April	5
April	3
April	19
April	9
April	7
George	16
George	12
George	16
George	18
George	2
George	4
George	18
George	4
George	4
George	2
George	10
George	18
George	12
George	20
George	14
George	8
George	20
George	12
George	2
George	6
George	14
George	18
George	4
George	6
George	12
George	16
George	10
George	2
George	12
George	12
George	16
George	6
George	4
Ashley	18
Ashley	16
Ashley	16
Ashley	12
Ashley	16
Ashley	12
Ashley	18
Ashley	8
Ashley	2
Ashley	2
Ashley	14
Ashley	6
Ashley	8
Ashley	8
Ashley	8
Ashley	20
Ashley	8
Ashley	16
Ashley	16
Ashley	16
Ashley	2
Leslie	8
Leslie	10
Leslie	8
Leslie	10
Leslie	16
Leslie	16
Leslie	6
Leslie	12
Leslie	18
Leslie	2
Leslie	20
Leslie	16
Leslie	4
Leslie	10
Leslie	4
Leslie	8
Leslie	20
Leslie	12
Leslie	6
Leslie	10
Joshua	6
Kimberly	7
Kimberly	1
Kimberly	5
Kimberly	1
Kimberly	7
Kimberly	11
Kimberly	17
Kimberly	19
Kimberly	1
Kimberly	3
Kimberly	19
Kimberly	5
Kimberly	3
Kimberly	7
Kimberly	9
Kimberly	19
Kimberly	19
Kimberly	15
Kimberly	7
Kimberly	17
Kimberly	3
Kimberly	13
Kimberly	15
Kimberly	5
Kimberly	17
Kimberly	9
Kimberly	1
Kimberly	7
Kimberly	3
Kimberly	7
Tyler	20
Tyler	12
Tyler	2
Tyler	10
Tyler	10
Tyler	8
Tyler	12
Tyler	6
Tyler	20
Tyler	12
Tyler	12
Tyler	4
Ryan	18
Ryan	14
Ryan	8
Ryan	18
Ryan	10
Ryan	6
Carrie	7
Carrie	11
Carrie	3
Carrie	5
Carrie	3
Carrie	13
Carrie	1
Carrie	7
Carrie	3
Carrie	13
Carrie	5
Carrie	3
Carrie	1
Carrie	17
Carrie	7
Carrie	3
Carrie	3
Carrie	9
Carrie	1
Carrie	1
Carrie	17
Carrie	5
Carrie	15
Carrie	19
Carrie	9
Carrie	5
Carrie	9
Carrie	15
Carrie	7
Carrie	17
